TN:
SF:/Users/jonahss/Workspace/appium-xcuitest-driver/lib/webdriveragent.js
FN:7,(anonymous_1)
FN:7,defineProperties
FN:7,(anonymous_3)
FN:9,_interopRequireDefault
FN:11,_classCallCheck
FN:49,(anonymous_6)
FN:53,WebDriverAgent
FN:99,launch
FN:100,launch$
FN:105,callee$2$0
FN:107,callee$2$0$
FN:128,(anonymous_12)
FN:136,(anonymous_13)
FN:141,(anonymous_14)
FN:157,(anonymous_15)
FN:199,createXcodeBuildSubProcess
FN:207,createSimLogsSubProcess
FN:215,quit
FN:217,quit$
FNF:19
FNH:10
FNDA:1,(anonymous_1)
FNDA:1,defineProperties
FNDA:1,(anonymous_3)
FNDA:5,_interopRequireDefault
FNDA:2,_classCallCheck
FNDA:1,(anonymous_6)
FNDA:2,WebDriverAgent
FNDA:0,launch
FNDA:0,launch$
FNDA:0,callee$2$0
FNDA:0,callee$2$0$
FNDA:0,(anonymous_12)
FNDA:0,(anonymous_13)
FNDA:0,(anonymous_14)
FNDA:0,(anonymous_15)
FNDA:0,createXcodeBuildSubProcess
FNDA:0,createSimLogsSubProcess
FNDA:0,quit
FNDA:0,quit$
DA:0,5
DA:12,1
DA:13,1
DA:14,1
DA:15,1
DA:16,1
DA:23,1
DA:24,2
DA:25,4
DA:26,1
DA:30,1
DA:31,0
DA:33,1
DA:36,1
DA:37,1
DA:38,1
DA:39,1
DA:44,0
DA:51,0
DA:52,0
DA:53,0
DA:54,0
DA:56,0
DA:57,0
DA:60,0
DA:61,0
DA:64,0
DA:65,0
DA:66,0
DA:67,0
DA:68,0
DA:70,0
DA:73,0
DA:78,0
DA:79,0
DA:80,0
DA:81,0
DA:82,0
DA:83,0
DA:84,0
DA:85,0
DA:87,0
DA:91,0
DA:93,0
DA:95,0
DA:97,0
DA:98,0
DA:99,0
DA:101,0
DA:107,0
DA:117,0
DA:122,0
DA:129,0
DA:133,0
DA:134,0
DA:135,0
DA:136,0
DA:138,0
DA:139,0
DA:142,0
LF:60
LH:16
BRDA:7,1,0,4
BRDA:7,1,1,4
BRDA:7,2,0,4
BRDA:7,2,1,0
BRDA:7,3,0,1
BRDA:7,3,1,0
BRDA:7,4,0,0
BRDA:7,4,1,1
BRDA:9,5,0,0
BRDA:9,5,1,5
BRDA:9,6,0,5
BRDA:9,6,1,5
BRDA:11,7,0,0
BRDA:11,7,1,2
BRDA:54,8,0,1
BRDA:54,8,1,1
BRDA:54,9,0,2
BRDA:54,9,1,1
BRDA:66,10,0,1
BRDA:66,10,1,3
BRDA:75,11,0,0
BRDA:75,11,1,2
BRDA:75,12,0,2
BRDA:75,12,1,1
BRDA:79,13,0,1
BRDA:79,13,1,1
BRDA:85,14,0,0
BRDA:85,14,1,1
BRDA:94,15,0,1
BRDA:94,15,1,1
BRDA:103,16,0,0
BRDA:103,16,1,0
BRDA:103,16,2,0
BRDA:110,17,0,0
BRDA:110,17,1,0
BRDA:110,17,2,0
BRDA:110,17,3,0
BRDA:110,17,4,0
BRDA:110,17,5,0
BRDA:110,17,6,0
BRDA:118,18,0,0
BRDA:118,18,1,0
BRDA:129,19,0,0
BRDA:129,19,1,0
BRDA:129,20,0,0
BRDA:129,20,1,0
BRDA:132,21,0,0
BRDA:132,21,1,0
BRDA:132,22,0,0
BRDA:132,22,1,0
BRDA:143,23,0,0
BRDA:143,23,1,0
BRDA:143,24,0,0
BRDA:143,24,1,0
BRDA:159,25,0,0
BRDA:159,25,1,0
BRDA:162,26,0,0
BRDA:162,26,1,0
BRDA:218,27,0,0
BRDA:218,27,1,0
BRDA:218,27,2,0
BRDA:223,28,0,0
BRDA:223,28,1,0
BRDA:223,29,0,0
BRDA:223,29,1,0
BRDA:226,30,0,0
BRDA:226,30,1,0
BRDA:226,31,0,0
BRDA:226,31,1,0
BRF:69
BRH:44
end_of_record
TN:
SF:/Users/jonahss/Workspace/appium-xcuitest-driver/lib/logger.js
FNF:0
FNH:0
DA:0,1
DA:2,1
LF:2
LH:2
BRF:0
BRH:0
end_of_record
TN:
SF:/Users/jonahss/Workspace/appium-xcuitest-driver/lib/simulatorManagement.js
FN:7,_interopRequireDefault
FN:24,simBooted
FN:26,simBooted$
FN:49,createSim
FN:51,createSim$
FN:73,systemLogExists
FN:75,systemLogExists$
FN:82,callee$1$0
FN:83,callee$1$0$
FN:111,launchSafariOnSim
FN:112,launchSafariOnSim$
FNF:11
FNH:6
FNDA:1,_interopRequireDefault
FNDA:0,simBooted
FNDA:0,simBooted$
FNDA:0,createSim
FNDA:0,createSim$
FNDA:0,systemLogExists
FNDA:0,systemLogExists$
FNDA:0,callee$1$0
FNDA:0,callee$1$0$
FNDA:0,launchSafariOnSim
FNDA:0,launchSafariOnSim$
DA:0,1
DA:7,1
DA:10,1
DA:11,0
DA:12,0
DA:17,1
DA:18,0
DA:19,0
DA:23,1
DA:24,0
DA:25,0
DA:33,1
DA:34,0
DA:35,0
LF:14
LH:6
BRDA:7,1,0,0
BRDA:7,1,1,1
BRDA:7,2,0,1
BRDA:7,2,1,1
BRDA:27,3,0,0
BRDA:27,3,1,0
BRDA:27,3,2,0
BRDA:27,3,3,0
BRDA:27,3,4,0
BRDA:52,4,0,0
BRDA:52,4,1,0
BRDA:52,4,2,0
BRDA:52,4,3,0
BRDA:52,4,4,0
BRDA:78,5,0,0
BRDA:78,5,1,0
BRDA:78,5,2,0
BRDA:84,6,0,0
BRDA:84,6,1,0
BRDA:84,6,2,0
BRDA:84,6,3,0
BRDA:90,7,0,0
BRDA:90,7,1,0
BRDA:113,8,0,0
BRDA:113,8,1,0
BRDA:113,8,2,0
BRDA:113,8,3,0
BRDA:115,9,0,0
BRDA:115,9,1,0
BRF:29
BRH:27
end_of_record
